   1               		.file	"solution2.c"
   2               	__SREG__ = 0x3f
   3               	__SP_H__ = 0x3e
   4               	__SP_L__ = 0x3d
   5               	__CCP__  = 0x34
   6               	__tmp_reg__ = 0
   7               	__zero_reg__ = 1
  15               	.Ltext0:
  16               	.global	dely_ns
  18               	dely_ns:
  19               	.LFB8:
  20               	.LM1:
  21               	.LVL0:
  22               	/* prologue: function */
  23               	/* frame size = 0 */
  24               	.LM2:
  25 0000 2091 0000 		lds r18,k
  26 0004 90E0      		ldi r25,lo8(0)
  27 0006 00C0      		rjmp .L2
  28               	.L3:
  29               	.LM3:
  30 0008 9F5F      		subi r25,lo8(-(1))
  31 000a 2AE0      		ldi r18,lo8(10)
  32               	.L2:
  33 000c 9817      		cp r25,r24
  34 000e 00F0      		brlo .L3
  35 0010 2093 0000 		sts k,r18
  36 0014 9093 0000 		sts j,r25
  37               	/* epilogue start */
  38               	.LM4:
  39 0018 0895      		ret
  40               	.LFE8:
  42               	.global	toggleE
  44               	toggleE:
  45               	.LFB7:
  46               	.LM5:
  47               	/* prologue: function */
  48               	/* frame size = 0 */
  49               	.LM6:
  50 001a DA9A      		sbi 59-32,2
  51               	.LM7:
  52 001c 8AEF      		ldi r24,lo8(-6)
  53 001e 0E94 0000 		call dely_ns
  54               	.LM8:
  55 0022 DA98      		cbi 59-32,2
  56               	/* epilogue start */
  57               	.LM9:
  58 0024 0895      		ret
  59               	.LFE7:
  61               	.global	lcd_cmd
  63               	lcd_cmd:
  64               	.LFB9:
  65               	.LM10:
  66               	.LVL1:
  67 0026 0F93      		push r16
  68 0028 1F93      		push r17
  69               	/* prologue: function */
  70               	/* frame size = 0 */
  71 002a 082F      		mov r16,r24
  72               	.LM11:
  73 002c 8BB3      		in r24,59-32
  74               	.LVL2:
  75 002e 8470      		andi r24,lo8(4)
  76 0030 8BBB      		out 59-32,r24
  77               	.LM12:
  78 0032 802F      		mov r24,r16
  79 0034 807F      		andi r24,lo8(-16)
  80 0036 8BBB      		out 59-32,r24
  81               	.LM13:
  82 0038 0E94 0000 		call toggleE
  83               	.LM14:
  84 003c 10E0      		ldi r17,lo8(0)
  85               	.LVL3:
  86 003e 0F70      		andi r16,lo8(15)
  87 0040 1070      		andi r17,hi8(15)
  88               	.LVL4:
  89 0042 84E0      		ldi r24,4
  90 0044 000F      	1:	lsl r16
  91 0046 111F      		rol r17
  92 0048 8A95      		dec r24
  93 004a 01F4      		brne 1b
  94               	.LVL5:
  95 004c 0BBB      		out 59-32,r16
  96               	.LM15:
  97 004e 0E94 0000 		call toggleE
  98               	/* epilogue start */
  99               	.LM16:
 100 0052 1F91      		pop r17
 101               	.LVL6:
 102 0054 0F91      		pop r16
 103               	.LVL7:
 104 0056 0895      		ret
 105               	.LFE9:
 107               	.global	lcd_putchar
 109               	lcd_putchar:
 110               	.LFB10:
 111               	.LM17:
 112               	.LVL8:
 113 0058 1F93      		push r17
 114               	/* prologue: function */
 115               	/* frame size = 0 */
 116 005a 182F      		mov r17,r24
 117               	.LM18:
 118 005c 81E0      		ldi r24,lo8(1)
 119               	.LVL9:
 120 005e 8BBB      		out 59-32,r24
 121               	.LM19:
 122 0060 8BB3      		in r24,59-32
 123 0062 8270      		andi r24,lo8(2)
 124 0064 8BBB      		out 59-32,r24
 125               	.LM20:
 126 0066 812F      		mov r24,r17
 127 0068 807F      		andi r24,lo8(-16)
 128 006a 8160      		ori r24,lo8(1)
 129 006c 8BBB      		out 59-32,r24
 130               	.LM21:
 131 006e 0E94 0000 		call toggleE
 132               	.LM22:
 133 0072 1295      		swap r17
 134 0074 107F      		andi r17,lo8(-16)
 135 0076 1160      		ori r17,lo8(1)
 136 0078 1BBB      		out 59-32,r17
 137               	.LM23:
 138 007a 0E94 0000 		call toggleE
 139               	/* epilogue start */
 140               	.LM24:
 141 007e 1F91      		pop r17
 142               	.LVL10:
 143 0080 0895      		ret
 144               	.LFE10:
 146               	.global	lcd_string
 148               	lcd_string:
 149               	.LFB12:
 150               	.LM25:
 151               	.LVL11:
 152 0082 EF92      		push r14
 153 0084 FF92      		push r15
 154 0086 1F93      		push r17
 155 0088 CF93      		push r28
 156 008a DF93      		push r29
 157               	/* prologue: function */
 158               	/* frame size = 0 */
 159 008c 7C01      		movw r14,r24
 160               	.LM26:
 161 008e 81E0      		ldi r24,lo8(1)
 162               	.LVL12:
 163 0090 8BBB      		out 59-32,r24
 164               	.LM27:
 165 0092 8BB3      		in r24,59-32
 166 0094 8270      		andi r24,lo8(2)
 167 0096 8BBB      		out 59-32,r24
 168 0098 10E0      		ldi r17,lo8(0)
 169               	.LVL13:
 170 009a 00C0      		rjmp .L12
 171               	.L14:
 172               	.LM28:
 173 009c 1031      		cpi r17,lo8(16)
 174 009e 01F4      		brne .L13
 175               	.LM29:
 176 00a0 80EC      		ldi r24,lo8(-64)
 177 00a2 0E94 0000 		call lcd_cmd
 178               	.L13:
 179               	.LM30:
 180 00a6 8881      		ld r24,Y
 181 00a8 807F      		andi r24,lo8(-16)
 182 00aa 8160      		ori r24,lo8(1)
 183 00ac 8BBB      		out 59-32,r24
 184               	.LM31:
 185 00ae 0E94 0000 		call toggleE
 186               	.LM32:
 187 00b2 8881      		ld r24,Y
 188 00b4 8295      		swap r24
 189 00b6 807F      		andi r24,lo8(-16)
 190 00b8 8160      		ori r24,lo8(1)
 191 00ba 8BBB      		out 59-32,r24
 192               	.LM33:
 193 00bc 0E94 0000 		call toggleE
 194               	.LM34:
 195 00c0 1F5F      		subi r17,lo8(-(1))
 196               	.L12:
 197               	.LM35:
 198 00c2 E701      		movw r28,r14
 199 00c4 C10F      		add r28,r17
 200 00c6 D11D      		adc r29,__zero_reg__
 201 00c8 8881      		ld r24,Y
 202 00ca 8823      		tst r24
 203 00cc 01F4      		brne .L14
 204               	/* epilogue start */
 205               	.LM36:
 206 00ce DF91      		pop r29
 207 00d0 CF91      		pop r28
 208 00d2 1F91      		pop r17
 209               	.LVL14:
 210 00d4 FF90      		pop r15
 211 00d6 EF90      		pop r14
 212               	.LVL15:
 213 00d8 0895      		ret
 214               	.LFE12:
 216               	.global	lcd_gotoxy1
 218               	lcd_gotoxy1:
 219               	.LFB15:
 220               	.LM37:
 221               	.LVL16:
 222               	/* prologue: function */
 223               	/* frame size = 0 */
 224               	.LM38:
 225 00da 8058      		subi r24,lo8(-(-128))
 226               	.LVL17:
 227 00dc 0E94 0000 		call lcd_cmd
 228               	/* epilogue start */
 229               	.LM39:
 230 00e0 0895      		ret
 231               	.LFE15:
 233               	.global	lcd_gotoxy2
 235               	lcd_gotoxy2:
 236               	.LFB16:
 237               	.LM40:
 238               	.LVL18:
 239               	/* prologue: function */
 240               	/* frame size = 0 */
 241               	.LM41:
 242 00e2 8054      		subi r24,lo8(-(-64))
 243               	.LVL19:
 244 00e4 0E94 0000 		call lcd_cmd
 245               	/* epilogue start */
 246               	.LM42:
 247 00e8 0895      		ret
 248               	.LFE16:
 250               	.global	lcd_char
 252               	lcd_char:
 253               	.LFB11:
 254               	.LM43:
 255               	.LVL20:
 256               	/* prologue: function */
 257               	/* frame size = 0 */
 258               	.LM44:
 259 00ea 8930      		cpi r24,lo8(9)
 260 00ec 01F4      		brne .L21
 261               	.LM45:
 262 00ee 0E94 0000 		call lcd_putchar
 263               	.LVL21:
 264 00f2 89E0      		ldi r24,lo8(9)
 265 00f4 00C0      		rjmp .L23
 266               	.LVL22:
 267               	.L21:
 268               	.LM46:
 269 00f6 8A30      		cpi r24,lo8(10)
 270 00f8 01F4      		brne .L23
 271               	.LM47:
 272 00fa 80E0      		ldi r24,lo8(0)
 273               	.LVL23:
 274 00fc 0E94 0000 		call lcd_gotoxy2
 275 0100 0895      		ret
 276               	.LVL24:
 277               	.L23:
 278               	.LM48:
 279 0102 0E94 0000 		call lcd_putchar
 280               	.LVL25:
 281 0106 0895      		ret
 282               	.LFE11:
 284               	.global	lcd_showvalue
 286               	lcd_showvalue:
 287               	.LFB14:
 288               	.LM49:
 289               	.LVL26:
 290 0108 DF92      		push r13
 291 010a EF92      		push r14
 292 010c FF92      		push r15
 293 010e 0F93      		push r16
 294 0110 1F93      		push r17
 295               	/* prologue: function */
 296               	/* frame size = 0 */
 297 0112 082F      		mov r16,r24
 298               	.LM50:
 299 0114 E82F      		mov r30,r24
 300 0116 F0E0      		ldi r31,lo8(0)
 301               	.LM51:
 302 0118 CF01      		movw r24,r30
 303               	.LVL27:
 304 011a 64E6      		ldi r22,lo8(100)
 305 011c 70E0      		ldi r23,hi8(100)
 306 011e 0E94 0000 		call __divmodhi4
 307 0122 D62E      		mov r13,r22
 308               	.LM52:
 309 0124 262F      		mov r18,r22
 310               	.LVL28:
 311 0126 30E0      		ldi r19,lo8(0)
 312               	.LVL29:
 313 0128 8CE9      		ldi r24,lo8(-100)
 314 012a 9FEF      		ldi r25,hi8(-100)
 315 012c 289F      		mul r18,r24
 316 012e 7001      		movw r14,r0
 317 0130 299F      		mul r18,r25
 318 0132 F00C      		add r15,r0
 319 0134 389F      		mul r19,r24
 320 0136 F00C      		add r15,r0
 321 0138 1124      		clr r1
 322 013a C701      		movw r24,r14
 323 013c 8E0F      		add r24,r30
 324 013e 9F1F      		adc r25,r31
 325 0140 6AE0      		ldi r22,lo8(10)
 326 0142 70E0      		ldi r23,hi8(10)
 327 0144 0E94 0000 		call __divmodhi4
 328 0148 162F      		mov r17,r22
 329               	.LM53:
 330 014a 80E3      		ldi r24,lo8(48)
 331 014c 0E94 0000 		call lcd_char
 332               	.LVL30:
 333               	.LM54:
 334 0150 8D2D      		mov r24,r13
 335 0152 805D      		subi r24,lo8(-(48))
 336 0154 0E94 0000 		call lcd_char
 337               	.LM55:
 338 0158 812F      		mov r24,r17
 339 015a 805D      		subi r24,lo8(-(48))
 340 015c 0E94 0000 		call lcd_char
 341               	.LM56:
 342 0160 005D      		subi r16,lo8(-(48))
 343 0162 0E0D      		add r16,r14
 344 0164 86EF      		ldi r24,lo8(-10)
 345 0166 9FEF      		ldi r25,hi8(-10)
 346 0168 189F      		mul r17,r24
 347 016a 102D      		mov r17,r0
 348 016c 1124      		clr r1
 349 016e 812F      		mov r24,r17
 350 0170 800F      		add r24,r16
 351 0172 0E94 0000 		call lcd_char
 352               	/* epilogue start */
 353               	.LM57:
 354 0176 1F91      		pop r17
 355 0178 0F91      		pop r16
 356               	.LVL31:
 357 017a FF90      		pop r15
 358 017c EF90      		pop r14
 359 017e DF90      		pop r13
 360 0180 0895      		ret
 361               	.LFE14:
 363               	.global	lcd_exit
 365               	lcd_exit:
 366               	.LFB17:
 367               	.LM58:
 368               	/* prologue: function */
 369               	/* frame size = 0 */
 370               	.LM59:
 371 0182 8091 0000 		lds r24,save
 372 0186 8BBB      		out 59-32,r24
 373               	/* epilogue start */
 374               	.LM60:
 375 0188 0895      		ret
 376               	.LFE17:
 378               	.global	WaitMs
 380               	WaitMs:
 381               	.LFB18:
 382               	.LM61:
 383               	.LVL32:
 384               	/* prologue: function */
 385               	/* frame size = 0 */
 386 018a 00C0      		rjmp .L30
 387               	.LVL33:
 388               	.L32:
 389               	.LM62:
 390 018c 20E0      		ldi r18,lo8(0)
 391 018e 30E0      		ldi r19,hi8(0)
 392               	.L31:
 393               	.LM63:
 394               	/* #APP */
 395               	 ;  213 "./LCD_mega128.h" 1
 396 0190 0000      		nop
 397               	 ;  0 "" 2
 398               	.LM64:
 399               	/* #NOAPP */
 400 0192 2F5F      		subi r18,lo8(-(1))
 401 0194 3F4F      		sbci r19,hi8(-(1))
 402 0196 4CE0      		ldi r20,hi8(3276)
 403 0198 2C3C      		cpi r18,lo8(3276)
 404 019a 3407      		cpc r19,r20
 405 019c 01F4      		brne .L31
 406 019e 0197      		sbiw r24,1
 407               	.LVL34:
 408               	.L30:
 409               	.LM65:
 410 01a0 0097      		sbiw r24,0
 411 01a2 01F4      		brne .L32
 412               	/* epilogue start */
 413               	.LM66:
 414 01a4 0895      		ret
 415               	.LFE18:
 417               	.global	lcd_init
 419               	lcd_init:
 420               	.LFB6:
 421               	.LM67:
 422               	/* prologue: function */
 423               	/* frame size = 0 */
 424               	.LM68:
 425 01a6 8BB3      		in r24,59-32
 426 01a8 8093 0000 		sts save,r24
 427               	.LM69:
 428 01ac 8FEF      		ldi r24,lo8(-1)
 429 01ae 8ABB      		out 58-32,r24
 430               	.LM70:
 431 01b0 8FE0      		ldi r24,lo8(15)
 432 01b2 90E0      		ldi r25,hi8(15)
 433 01b4 0E94 0000 		call WaitMs
 434               	.LM71:
 435 01b8 8BB3      		in r24,59-32
 436 01ba 8470      		andi r24,lo8(4)
 437 01bc 8BBB      		out 59-32,r24
 438               	.LM72:
 439 01be 81E0      		ldi r24,lo8(1)
 440 01c0 0E94 0000 		call lcd_cmd
 441               	.LM73:
 442 01c4 8FE0      		ldi r24,lo8(15)
 443 01c6 0E94 0000 		call lcd_cmd
 444               	.LM74:
 445 01ca 82E0      		ldi r24,lo8(2)
 446 01cc 0E94 0000 		call lcd_cmd
 447               	.LM75:
 448 01d0 80E8      		ldi r24,lo8(-128)
 449 01d2 0E94 0000 		call lcd_cmd
 450               	.LM76:
 451 01d6 8FE0      		ldi r24,lo8(15)
 452 01d8 90E0      		ldi r25,hi8(15)
 453 01da 0E94 0000 		call WaitMs
 454               	/* epilogue start */
 455               	.LM77:
 456 01de 0895      		ret
 457               	.LFE6:
 459               	.global	uart_init
 461               	uart_init:
 462               	.LFB19:
 463               	.LM78:
 464               	/* prologue: function */
 465               	/* frame size = 0 */
 466               	.LM79:
 467 01e0 87E6      		ldi r24,lo8(103)
 468 01e2 8093 9900 		sts 153,r24
 469               	.LM80:
 470 01e6 88E1      		ldi r24,lo8(24)
 471 01e8 8093 9B00 		sts 155,r24
 472               	/* epilogue start */
 473               	.LM81:
 474 01ec 0895      		ret
 475               	.LFE19:
 477               	.global	uart_tx
 479               	uart_tx:
 480               	.LFB20:
 481               	.LM82:
 482               	.LVL35:
 483               	/* prologue: function */
 484               	/* frame size = 0 */
 485 01ee 982F      		mov r25,r24
 486               	.LVL36:
 487               	.L40:
 488               	.LM83:
 489 01f0 8091 9A00 		lds r24,154
 490 01f4 85FF      		sbrs r24,5
 491 01f6 00C0      		rjmp .L40
 492               	.LM84:
 493 01f8 9093 9C00 		sts 156,r25
 494               	/* epilogue start */
 495               	.LM85:
 496 01fc 0895      		ret
 497               	.LFE20:
 499               	.global	uart_rx
 501               	uart_rx:
 502               	.LFB21:
 503               	.LM86:
 504               	/* prologue: function */
 505               	/* frame size = 0 */
 506               	.L44:
 507               	.LM87:
 508 01fe 8091 9A00 		lds r24,154
 509 0202 87FF      		sbrs r24,7
 510 0204 00C0      		rjmp .L44
 511               	.LM88:
 512 0206 8091 9C00 		lds r24,156
 513               	/* epilogue start */
 514               	.LM89:
 515 020a 0895      		ret
 516               	.LFE21:
 518               	.global	uart_str
 520               	uart_str:
 521               	.LFB22:
 522               	.LM90:
 523               	.LVL37:
 524               	/* prologue: function */
 525               	/* frame size = 0 */
 526 020c FC01      		movw r30,r24
 527 020e 00C0      		rjmp .L48
 528               	.LVL38:
 529               	.L51:
 530               	.LBB176:
 531               	.LBB177:
 532               	.LM91:
 533 0210 8091 9A00 		lds r24,154
 534 0214 85FF      		sbrs r24,5
 535 0216 00C0      		rjmp .L51
 536               	.LBE177:
 537               	.LBE176:
 538               	.LM92:
 539 0218 3196      		adiw r30,1
 540               	.LBB179:
 541               	.LBB178:
 542               	.LM93:
 543 021a 9093 9C00 		sts 156,r25
 544               	.LVL39:
 545               	.L48:
 546               	.LBE178:
 547               	.LBE179:
 548               	.LM94:
 549 021e 9081      		ld r25,Z
 550 0220 9923      		tst r25
 551 0222 01F4      		brne .L51
 552               	/* epilogue start */
 553               	.LM95:
 554 0224 0895      		ret
 555               	.LFE22:
 557               	.global	motor_execute_test
 559               	motor_execute_test:
 560               	.LFB29:
 561               	.LM96:
 562               	/* prologue: function */
 563               	/* frame size = 0 */
 564               	.LM97:
 565 0226 1092 0000 		sts degree,__zero_reg__
 566               	.LBB180:
 567               	.LBB181:
 568               	.LBB182:
 569               	.LBB183:
 570               	.LBB184:
 571               	.LBB185:
 572               	.LM98:
 573 022a 2CEA      		ldi r18,lo8(2220)
 574 022c 38E0      		ldi r19,hi8(2220)
 575               	.LBE185:
 576               	.LBE184:
 577               	.LBE183:
 578               	.LBE182:
 579               	.LBE181:
 580               	.LBE180:
 581               	.LBB191:
 582               	.LBB192:
 583               	.LBB193:
 584               	.LBB194:
 585               	.LM99:
 586 022e 4AE1      		ldi r20,lo8(26)
 587 0230 00C0      		rjmp .L54
 588               	.L55:
 589               	.LBE194:
 590               	.LBE193:
 591               	.LBE192:
 592               	.LBE191:
 593               	.LM100:
 594 0232 8091 6500 		lds r24,101
 595 0236 8061      		ori r24,lo8(16)
 596 0238 8093 6500 		sts 101,r24
 597               	.LBB198:
 598               	.LBB190:
 599               	.LBB189:
 600               	.LBB188:
 601               	.LBB187:
 602               	.LBB186:
 603               	.LM101:
 604 023c C901      		movw r24,r18
 605               	.LVL40:
 606               	/* #APP */
 607               	 ;  105 "c:/winavr-20100110/lib/gcc/../../avr/include/util/delay_basic.h" 1
 608 023e 0197      		1: sbiw r24,1
 609 0240 01F4      		brne 1b
 610               	 ;  0 "" 2
 611               	/* #NOAPP */
 612               	.LBE186:
 613               	.LBE187:
 614               	.LBE188:
 615               	.LBE189:
 616               	.LBE190:
 617               	.LBE198:
 618               	.LM102:
 619 0242 8091 6500 		lds r24,101
 620               	.LVL41:
 621 0246 8F7E      		andi r24,lo8(-17)
 622 0248 8093 6500 		sts 101,r24
 623               	.LBB199:
 624               	.LBB197:
 625               	.LBB196:
 626               	.LBB195:
 627               	.LM103:
 628 024c 842F      		mov r24,r20
 629               	.LVL42:
 630               	/* #APP */
 631               	 ;  83 "c:/winavr-20100110/lib/gcc/../../avr/include/util/delay_basic.h" 1
 632 024e 8A95      		1: dec r24
 633 0250 01F4      		brne 1b
 634               	 ;  0 "" 2
 635               	/* #NOAPP */
 636               	.LBE195:
 637               	.LBE196:
 638               	.LBE197:
 639               	.LBE199:
 640               	.LM104:
 641 0252 8091 0000 		lds r24,degree
 642               	.LVL43:
 643 0256 8F5F      		subi r24,lo8(-(1))
 644 0258 8093 0000 		sts degree,r24
 645               	.L54:
 646 025c 8091 0000 		lds r24,degree
 647 0260 883C      		cpi r24,lo8(-56)
 648 0262 00F0      		brlo .L55
 649               	/* epilogue start */
 650               	.LM105:
 651 0264 0895      		ret
 652               	.LFE29:
 654               	.global	motor_dir_cw
 656               	motor_dir_cw:
 657               	.LFB30:
 658               	.LM106:
 659               	/* prologue: function */
 660               	/* frame size = 0 */
 661               	.LM107:
 662 0266 88E8      		ldi r24,lo8(5000)
 663 0268 93E1      		ldi r25,hi8(5000)
 664               	.LVL44:
 665               	.LBB200:
 666               	.LBB201:
 667               	.LBB202:
 668               	.LBB203:
 669               	.LM108:
 670 026a 20E9      		ldi r18,lo8(400)
 671 026c 31E0      		ldi r19,hi8(400)
 672               	.L58:
 673 026e F901      		movw r30,r18
 674               	.LVL45:
 675               	/* #APP */
 676               	 ;  105 "c:/winavr-20100110/lib/gcc/../../avr/include/util/delay_basic.h" 1
 677 0270 3197      		1: sbiw r30,1
 678 0272 01F4      		brne 1b
 679               	 ;  0 "" 2
 680               	/* #NOAPP */
 681               	.LBE203:
 682               	.LBE202:
 683               	.LM109:
 684 0274 0197      		sbiw r24,1
 685               	.LM110:
 686 0276 01F4      		brne .L58
 687               	.LBE201:
 688               	.LBE200:
 689               	.LM111:
 690 0278 8091 6500 		lds r24,101
 691               	.LVL46:
 692 027c 8E7F      		andi r24,lo8(-2)
 693 027e 8093 6500 		sts 101,r24
 694               	/* epilogue start */
 695               	.LM112:
 696 0282 0895      		ret
 697               	.LFE30:
 699               	.global	motor_dir_ccw
 701               	motor_dir_ccw:
 702               	.LFB31:
 703               	.LM113:
 704               	/* prologue: function */
 705               	/* frame size = 0 */
 706               	.LM114:
 707 0284 88E8      		ldi r24,lo8(5000)
 708 0286 93E1      		ldi r25,hi8(5000)
 709               	.LVL47:
 710               	.LBB204:
 711               	.LBB205:
 712               	.LBB206:
 713               	.LBB207:
 714               	.LM115:
 715 0288 20E9      		ldi r18,lo8(400)
 716 028a 31E0      		ldi r19,hi8(400)
 717               	.L62:
 718 028c F901      		movw r30,r18
 719               	.LVL48:
 720               	/* #APP */
 721               	 ;  105 "c:/winavr-20100110/lib/gcc/../../avr/include/util/delay_basic.h" 1
 722 028e 3197      		1: sbiw r30,1
 723 0290 01F4      		brne 1b
 724               	 ;  0 "" 2
 725               	/* #NOAPP */
 726               	.LBE207:
 727               	.LBE206:
 728               	.LM116:
 729 0292 0197      		sbiw r24,1
 730               	.LM117:
 731 0294 01F4      		brne .L62
 732               	.LBE205:
 733               	.LBE204:
 734               	.LM118:
 735 0296 8091 6500 		lds r24,101
 736               	.LVL49:
 737 029a 8160      		ori r24,lo8(1)
 738 029c 8093 6500 		sts 101,r24
 739               	/* epilogue start */
 740               	.LM119:
 741 02a0 0895      		ret
 742               	.LFE31:
 744               	.global	ext_timer_init
 746               	ext_timer_init:
 747               	.LFB34:
 748               	.LM120:
 749               	/* prologue: function */
 750               	/* frame size = 0 */
 751               	.LM121:
 752 02a2 1ABE      		out 90-32,__zero_reg__
 753               	.LM122:
 754 02a4 89B7      		in r24,89-32
 755 02a6 806F      		ori r24,lo8(-16)
 756 02a8 89BF      		out 89-32,r24
 757               	/* epilogue start */
 758               	.LM123:
 759 02aa 0895      		ret
 760               	.LFE34:
 762               	.global	intr_disable
 764               	intr_disable:
 765               	.LFB35:
 766               	.LM124:
 767               	/* prologue: function */
 768               	/* frame size = 0 */
 769               	.LM125:
 770 02ac 19BE      		out 89-32,__zero_reg__
 771               	/* epilogue start */
 772               	.LM126:
 773 02ae 0895      		ret
 774               	.LFE35:
 776               		.data
 777               	.LC0:
 778 0000 2564 00   		.string	"%d"
 779               		.text
 780               	.global	uart_tx_num
 782               	uart_tx_num:
 783               	.LFB23:
 784               	.LM127:
 785               	.LVL50:
 786 02b0 0F93      		push r16
 787 02b2 1F93      		push r17
 788 02b4 DF93      		push r29
 789 02b6 CF93      		push r28
 790 02b8 CDB7      		in r28,__SP_L__
 791 02ba DEB7      		in r29,__SP_H__
 792 02bc 2A97      		sbiw r28,10
 793 02be 0FB6      		in __tmp_reg__,__SREG__
 794 02c0 F894      		cli
 795 02c2 DEBF      		out __SP_H__,r29
 796 02c4 0FBE      		out __SREG__,__tmp_reg__
 797 02c6 CDBF      		out __SP_L__,r28
 798               	/* prologue: function */
 799               	/* frame size = 10 */
 800               	.LM128:
 801 02c8 00D0      		rcall .
 802 02ca 00D0      		rcall .
 803 02cc 00D0      		rcall .
 804 02ce EDB7      		in r30,__SP_L__
 805 02d0 FEB7      		in r31,__SP_H__
 806 02d2 3196      		adiw r30,1
 807 02d4 8E01      		movw r16,r28
 808 02d6 0F5F      		subi r16,lo8(-(1))
 809 02d8 1F4F      		sbci r17,hi8(-(1))
 810 02da ADB7      		in r26,__SP_L__
 811 02dc BEB7      		in r27,__SP_H__
 812 02de 1296      		adiw r26,1+1
 813 02e0 1C93      		st X,r17
 814 02e2 0E93      		st -X,r16
 815 02e4 1197      		sbiw r26,1
 816 02e6 20E0      		ldi r18,lo8(.LC0)
 817 02e8 30E0      		ldi r19,hi8(.LC0)
 818 02ea 3383      		std Z+3,r19
 819 02ec 2283      		std Z+2,r18
 820 02ee 9583      		std Z+5,r25
 821 02f0 8483      		std Z+4,r24
 822 02f2 0E94 0000 		call sprintf
 823               	.LVL51:
 824               	.LM129:
 825 02f6 8DB7      		in r24,__SP_L__
 826 02f8 9EB7      		in r25,__SP_H__
 827 02fa 0696      		adiw r24,6
 828 02fc 0FB6      		in __tmp_reg__,__SREG__
 829 02fe F894      		cli
 830 0300 9EBF      		out __SP_H__,r25
 831 0302 0FBE      		out __SREG__,__tmp_reg__
 832 0304 8DBF      		out __SP_L__,r24
 833 0306 C801      		movw r24,r16
 834 0308 0E94 0000 		call uart_str
 835               	/* epilogue start */
 836               	.LM130:
 837 030c 2A96      		adiw r28,10
 838 030e 0FB6      		in __tmp_reg__,__SREG__
 839 0310 F894      		cli
 840 0312 DEBF      		out __SP_H__,r29
 841 0314 0FBE      		out __SREG__,__tmp_reg__
 842 0316 CDBF      		out __SP_L__,r28
 843 0318 CF91      		pop r28
 844 031a DF91      		pop r29
 845 031c 1F91      		pop r17
 846 031e 0F91      		pop r16
 847 0320 0895      		ret
 848               	.LFE23:
 850               	.global	lcd_num
 852               	lcd_num:
 853               	.LFB13:
 854               	.LM131:
 855               	.LVL52:
 856 0322 0F93      		push r16
 857 0324 1F93      		push r17
 858 0326 DF93      		push r29
 859 0328 CF93      		push r28
 860 032a CDB7      		in r28,__SP_L__
 861 032c DEB7      		in r29,__SP_H__
 862 032e 2A97      		sbiw r28,10
 863 0330 0FB6      		in __tmp_reg__,__SREG__
 864 0332 F894      		cli
 865 0334 DEBF      		out __SP_H__,r29
 866 0336 0FBE      		out __SREG__,__tmp_reg__
 867 0338 CDBF      		out __SP_L__,r28
 868               	/* prologue: function */
 869               	/* frame size = 10 */
 870               	.LM132:
 871 033a 00D0      		rcall .
 872 033c 00D0      		rcall .
 873 033e 00D0      		rcall .
 874 0340 EDB7      		in r30,__SP_L__
 875 0342 FEB7      		in r31,__SP_H__
 876 0344 3196      		adiw r30,1
 877 0346 8E01      		movw r16,r28
 878 0348 0F5F      		subi r16,lo8(-(1))
 879 034a 1F4F      		sbci r17,hi8(-(1))
 880 034c ADB7      		in r26,__SP_L__
 881 034e BEB7      		in r27,__SP_H__
 882 0350 1296      		adiw r26,1+1
 883 0352 1C93      		st X,r17
 884 0354 0E93      		st -X,r16
 885 0356 1197      		sbiw r26,1
 886 0358 20E0      		ldi r18,lo8(.LC0)
 887 035a 30E0      		ldi r19,hi8(.LC0)
 888 035c 3383      		std Z+3,r19
 889 035e 2283      		std Z+2,r18
 890 0360 9583      		std Z+5,r25
 891 0362 8483      		std Z+4,r24
 892 0364 0E94 0000 		call sprintf
 893               	.LVL53:
 894               	.LM133:
 895 0368 8DB7      		in r24,__SP_L__
 896 036a 9EB7      		in r25,__SP_H__
 897 036c 0696      		adiw r24,6
 898 036e 0FB6      		in __tmp_reg__,__SREG__
 899 0370 F894      		cli
 900 0372 9EBF      		out __SP_H__,r25
 901 0374 0FBE      		out __SREG__,__tmp_reg__
 902 0376 8DBF      		out __SP_L__,r24
 903 0378 C801      		movw r24,r16
 904 037a 0E94 0000 		call lcd_string
 905               	/* epilogue start */
 906               	.LM134:
 907 037e 2A96      		adiw r28,10
 908 0380 0FB6      		in __tmp_reg__,__SREG__
 909 0382 F894      		cli
 910 0384 DEBF      		out __SP_H__,r29
 911 0386 0FBE      		out __SREG__,__tmp_reg__
 912 0388 CDBF      		out __SP_L__,r28
 913 038a CF91      		pop r28
 914 038c DF91      		pop r29
 915 038e 1F91      		pop r17
 916 0390 0F91      		pop r16
 917 0392 0895      		ret
 918               	.LFE13:
 920               		.data
 921               	.LC1:
 922 0003 2020 2020 		.string	"    "
 922      00
 923               	.LC2:
 924 0008 4343 573D 		.string	"CCW="
 924      00
 925               		.text
 926               	.global	align_ccw
 928               	align_ccw:
 929               	.LFB33:
 930               	.LM135:
 931               	/* prologue: function */
 932               	/* frame size = 0 */
 933               	.LM136:
 934 0394 1092 0000 		sts clockwise,__zero_reg__
 935               	.LM137:
 936 0398 81E0      		ldi r24,lo8(1)
 937 039a 8093 0000 		sts counterwise,r24
 938               	.LM138:
 939 039e 1092 6500 		sts 101,__zero_reg__
 940               	.LM139:
 941 03a2 8091 6500 		lds r24,101
 942 03a6 8160      		ori r24,lo8(1)
 943 03a8 8093 6500 		sts 101,r24
 944               	.LM140:
 945 03ac 82E0      		ldi r24,lo8(2)
 946 03ae 85BB      		out 53-32,r24
 947               	.LM141:
 948 03b0 89E1      		ldi r24,lo8(25)
 949 03b2 90E0      		ldi r25,hi8(25)
 950 03b4 0E94 0000 		call __eerd_byte_m128
 951 03b8 8093 0000 		sts degree_set_new,r24
 952               	.LM142:
 953 03bc 8091 0000 		lds r24,degree_set_new
 954 03c0 8230      		cpi r24,lo8(2)
 955 03c2 00F0      		brlo .L74
 956 03c4 20E0      		ldi r18,lo8(0)
 957               	.LVL54:
 958               	.LM143:
 959 03c6 6FEF      		ldi r22,lo8(-1)
 960               	.LBB208:
 961               	.LBB209:
 962               	.LBB210:
 963               	.LBB211:
 964               	.LBB212:
 965               	.LBB213:
 966               	.LM144:
 967 03c8 4CEA      		ldi r20,lo8(2220)
 968 03ca 58E0      		ldi r21,hi8(2220)
 969               	.LBE213:
 970               	.LBE212:
 971               	.LBE211:
 972               	.LBE210:
 973               	.LBE209:
 974               	.LBE208:
 975               	.LBB219:
 976               	.LBB220:
 977               	.LBB221:
 978               	.LBB222:
 979               	.LM145:
 980 03cc 3AE1      		ldi r19,lo8(26)
 981               	.L75:
 982               	.LBE222:
 983               	.LBE221:
 984               	.LBE220:
 985               	.LBE219:
 986               	.LM146:
 987 03ce 65BB      		out 53-32,r22
 988               	.LBB226:
 989               	.LBB218:
 990               	.LBB217:
 991               	.LBB216:
 992               	.LBB215:
 993               	.LBB214:
 994               	.LM147:
 995 03d0 CA01      		movw r24,r20
 996               	.LVL55:
 997               	/* #APP */
 998               	 ;  105 "c:/winavr-20100110/lib/gcc/../../avr/include/util/delay_basic.h" 1
 999 03d2 0197      		1: sbiw r24,1
 1000 03d4 01F4      		brne 1b
 1001               	 ;  0 "" 2
 1002               	/* #NOAPP */
 1003               	.LBE214:
 1004               	.LBE215:
 1005               	.LBE216:
 1006               	.LBE217:
 1007               	.LBE218:
 1008               	.LBE226:
 1009               	.LM148:
 1010 03d6 8091 6500 		lds r24,101
 1011               	.LVL56:
 1012 03da 8061      		ori r24,lo8(16)
 1013 03dc 8093 6500 		sts 101,r24
 1014               	.LBB227:
 1015               	.LBB225:
 1016               	.LBB224:
 1017               	.LBB223:
 1018               	.LM149:
 1019 03e0 832F      		mov r24,r19
 1020               	.LVL57:
 1021               	/* #APP */
 1022               	 ;  83 "c:/winavr-20100110/lib/gcc/../../avr/include/util/delay_basic.h" 1
 1023 03e2 8A95      		1: dec r24
 1024 03e4 01F4      		brne 1b
 1025               	 ;  0 "" 2
 1026               	/* #NOAPP */
 1027               	.LBE223:
 1028               	.LBE224:
 1029               	.LBE225:
 1030               	.LBE227:
 1031               	.LM150:
 1032 03e6 8091 6500 		lds r24,101
 1033               	.LVL58:
 1034 03ea 8F7E      		andi r24,lo8(-17)
 1035 03ec 8093 6500 		sts 101,r24
 1036               	.LM151:
 1037 03f0 2F5F      		subi r18,lo8(-(1))
 1038 03f2 2233      		cpi r18,lo8(50)
 1039 03f4 01F4      		brne .L75
 1040               	.LM152:
 1041 03f6 8091 0000 		lds r24,degree_set_new
 1042 03fa 8150      		subi r24,lo8(-(-1))
 1043 03fc 8093 0000 		sts degree_set_new,r24
 1044               	.LM153:
 1045 0400 6091 0000 		lds r22,degree_set_new
 1046 0404 89E1      		ldi r24,lo8(25)
 1047 0406 90E0      		ldi r25,hi8(25)
 1048 0408 0E94 0000 		call __eewr_byte_m128
 1049               	.LVL59:
 1050 040c 88EB      		ldi r24,lo8(3000)
 1051 040e 9BE0      		ldi r25,hi8(3000)
 1052               	.LVL60:
 1053               	.LBB228:
 1054               	.LBB229:
 1055               	.LBB230:
 1056               	.LBB231:
 1057               	.LM154:
 1058 0410 20E9      		ldi r18,lo8(400)
 1059 0412 31E0      		ldi r19,hi8(400)
 1060               	.L76:
 1061 0414 F901      		movw r30,r18
 1062               	.LVL61:
 1063               	/* #APP */
 1064               	 ;  105 "c:/winavr-20100110/lib/gcc/../../avr/include/util/delay_basic.h" 1
 1065 0416 3197      		1: sbiw r30,1
 1066 0418 01F4      		brne 1b
 1067               	 ;  0 "" 2
 1068               	/* #NOAPP */
 1069               	.LBE231:
 1070               	.LBE230:
 1071               	.LM155:
 1072 041a 0197      		sbiw r24,1
 1073               	.LM156:
 1074 041c 01F4      		brne .L76
 1075               	.L74:
 1076               	.LBE229:
 1077               	.LBE228:
 1078               	.LM157:
 1079 041e 85E0      		ldi r24,lo8(5)
 1080               	.LVL62:
 1081 0420 0E94 0000 		call lcd_gotoxy1
 1082               	.LVL63:
 1083               	.LM158:
 1084 0424 80E0      		ldi r24,lo8(.LC1)
 1085 0426 90E0      		ldi r25,hi8(.LC1)
 1086 0428 0E94 0000 		call lcd_string
 1087               	.LM159:
 1088 042c 80E0      		ldi r24,lo8(0)
 1089 042e 0E94 0000 		call lcd_gotoxy1
 1090               	.LM160:
 1091 0432 80E0      		ldi r24,lo8(.LC2)
 1092 0434 90E0      		ldi r25,hi8(.LC2)
 1093 0436 0E94 0000 		call lcd_string
 1094               	.LM161:
 1095 043a 8091 0000 		lds r24,degree_set_new
 1096 043e 90E0      		ldi r25,lo8(0)
 1097 0440 0E94 0000 		call lcd_num
 1098               	/* epilogue start */
 1099               	.LM162:
 1100 0444 0895      		ret
 1101               	.LFE33:
 1103               	.global	__vector_5
 1105               	__vector_5:
 1106               	.LFB24:
 1107               	.LM163:
 1108 0446 1F92      		push __zero_reg__
 1109 0448 0F92      		push r0
 1110 044a 0FB6      		in r0,__SREG__
 1111 044c 0F92      		push r0
 1112 044e 0BB6      		in r0,91-32
 1113 0450 0F92      		push r0
 1114 0452 1124      		clr __zero_reg__
 1115 0454 2F93      		push r18
 1116 0456 3F93      		push r19
 1117 0458 4F93      		push r20
 1118 045a 5F93      		push r21
 1119 045c 6F93      		push r22
 1120 045e 7F93      		push r23
 1121 0460 8F93      		push r24
 1122 0462 9F93      		push r25
 1123 0464 AF93      		push r26
 1124 0466 BF93      		push r27
 1125 0468 EF93      		push r30
 1126 046a FF93      		push r31
 1127               	/* prologue: Signal */
 1128               	/* frame size = 0 */
 1129               	.LM164:
 1130 046c 88E8      		ldi r24,lo8(5000)
 1131 046e 93E1      		ldi r25,hi8(5000)
 1132               	.LVL64:
 1133               	.LBB232:
 1134               	.LBB233:
 1135               	.LBB234:
 1136               	.LBB235:
 1137               	.LM165:
 1138 0470 20E9      		ldi r18,lo8(400)
 1139 0472 31E0      		ldi r19,hi8(400)
 1140               	.L81:
 1141 0474 F901      		movw r30,r18
 1142               	.LVL65:
 1143               	/* #APP */
 1144               	 ;  105 "c:/winavr-20100110/lib/gcc/../../avr/include/util/delay_basic.h" 1
 1145 0476 3197      		1: sbiw r30,1
 1146 0478 01F4      		brne 1b
 1147               	 ;  0 "" 2
 1148               	/* #NOAPP */
 1149               	.LBE235:
 1150               	.LBE234:
 1151               	.LM166:
 1152 047a 0197      		sbiw r24,1
 1153               	.LM167:
 1154 047c 01F4      		brne .L81
 1155               	.LBE233:
 1156               	.LBE232:
 1157               	.LM168:
 1158 047e 0E94 0000 		call align_ccw
 1159               	.LVL66:
 1160               	/* epilogue start */
 1161               	.LM169:
 1162 0482 FF91      		pop r31
 1163 0484 EF91      		pop r30
 1164 0486 BF91      		pop r27
 1165 0488 AF91      		pop r26
 1166 048a 9F91      		pop r25
 1167 048c 8F91      		pop r24
 1168 048e 7F91      		pop r23
 1169 0490 6F91      		pop r22
 1170 0492 5F91      		pop r21
 1171 0494 4F91      		pop r20
 1172 0496 3F91      		pop r19
 1173 0498 2F91      		pop r18
 1174 049a 0F90      		pop r0
 1175 049c 0BBE      		out 91-32,r0
 1176 049e 0F90      		pop r0
 1177 04a0 0FBE      		out __SREG__,r0
 1178 04a2 0F90      		pop r0
 1179 04a4 1F90      		pop __zero_reg__
 1180 04a6 1895      		reti
 1181               	.LFE24:
 1183               		.data
 1184               	.LC3:
 1185 000d 4357 3D00 		.string	"CW="
 1186               		.text
 1187               	.global	align_cw
 1189               	align_cw:
 1190               	.LFB32:
 1191               	.LM170:
 1192               	/* prologue: function */
 1193               	/* frame size = 0 */
 1194               	.LM171:
 1195 04a8 1092 6500 		sts 101,__zero_reg__
 1196               	.LM172:
 1197 04ac 91E0      		ldi r25,lo8(1)
 1198 04ae 9093 0000 		sts clockwise,r25
 1199               	.LM173:
 1200 04b2 1092 0000 		sts counterwise,__zero_reg__
 1201               	.LM174:
 1202 04b6 8091 6500 		lds r24,101
 1203 04ba 8E7F      		andi r24,lo8(-2)
 1204 04bc 8093 6500 		sts 101,r24
 1205               	.LM175:
 1206 04c0 95BB      		out 53-32,r25
 1207               	.LM176:
 1208 04c2 89E1      		ldi r24,lo8(25)
 1209 04c4 90E0      		ldi r25,hi8(25)
 1210 04c6 0E94 0000 		call __eerd_byte_m128
 1211 04ca 8093 0000 		sts degree_set_new,r24
 1212               	.LM177:
 1213 04ce 8091 0000 		lds r24,degree_set_new
 1214 04d2 8C30      		cpi r24,lo8(12)
 1215 04d4 00F4      		brsh .L85
 1216 04d6 20E0      		ldi r18,lo8(0)
 1217               	.LVL67:
 1218               	.LM178:
 1219 04d8 6FEF      		ldi r22,lo8(-1)
 1220               	.LBB236:
 1221               	.LBB237:
 1222               	.LBB238:
 1223               	.LBB239:
 1224               	.LBB240:
 1225               	.LBB241:
 1226               	.LM179:
 1227 04da 4CEA      		ldi r20,lo8(2220)
 1228 04dc 58E0      		ldi r21,hi8(2220)
 1229               	.LBE241:
 1230               	.LBE240:
 1231               	.LBE239:
 1232               	.LBE238:
 1233               	.LBE237:
 1234               	.LBE236:
 1235               	.LBB247:
 1236               	.LBB248:
 1237               	.LBB249:
 1238               	.LBB250:
 1239               	.LM180:
 1240 04de 3AE1      		ldi r19,lo8(26)
 1241               	.L86:
 1242               	.LBE250:
 1243               	.LBE249:
 1244               	.LBE248:
 1245               	.LBE247:
 1246               	.LM181:
 1247 04e0 65BB      		out 53-32,r22
 1248               	.LBB254:
 1249               	.LBB246:
 1250               	.LBB245:
 1251               	.LBB244:
 1252               	.LBB243:
 1253               	.LBB242:
 1254               	.LM182:
 1255 04e2 CA01      		movw r24,r20
 1256               	.LVL68:
 1257               	/* #APP */
 1258               	 ;  105 "c:/winavr-20100110/lib/gcc/../../avr/include/util/delay_basic.h" 1
 1259 04e4 0197      		1: sbiw r24,1
 1260 04e6 01F4      		brne 1b
 1261               	 ;  0 "" 2
 1262               	/* #NOAPP */
 1263               	.LBE242:
 1264               	.LBE243:
 1265               	.LBE244:
 1266               	.LBE245:
 1267               	.LBE246:
 1268               	.LBE254:
 1269               	.LM183:
 1270 04e8 8091 6500 		lds r24,101
 1271               	.LVL69:
 1272 04ec 8061      		ori r24,lo8(16)
 1273 04ee 8093 6500 		sts 101,r24
 1274               	.LBB255:
 1275               	.LBB253:
 1276               	.LBB252:
 1277               	.LBB251:
 1278               	.LM184:
 1279 04f2 832F      		mov r24,r19
 1280               	.LVL70:
 1281               	/* #APP */
 1282               	 ;  83 "c:/winavr-20100110/lib/gcc/../../avr/include/util/delay_basic.h" 1
 1283 04f4 8A95      		1: dec r24
 1284 04f6 01F4      		brne 1b
 1285               	 ;  0 "" 2
 1286               	/* #NOAPP */
 1287               	.LBE251:
 1288               	.LBE252:
 1289               	.LBE253:
 1290               	.LBE255:
 1291               	.LM185:
 1292 04f8 8091 6500 		lds r24,101
 1293               	.LVL71:
 1294 04fc 8F7E      		andi r24,lo8(-17)
 1295 04fe 8093 6500 		sts 101,r24
 1296               	.LM186:
 1297 0502 2F5F      		subi r18,lo8(-(1))
 1298 0504 2233      		cpi r18,lo8(50)
 1299 0506 01F4      		brne .L86
 1300               	.LM187:
 1301 0508 8091 0000 		lds r24,degree_set_new
 1302 050c 8F5F      		subi r24,lo8(-(1))
 1303 050e 8093 0000 		sts degree_set_new,r24
 1304               	.LM188:
 1305 0512 6091 0000 		lds r22,degree_set_new
 1306 0516 89E1      		ldi r24,lo8(25)
 1307 0518 90E0      		ldi r25,hi8(25)
 1308 051a 0E94 0000 		call __eewr_byte_m128
 1309               	.LVL72:
 1310 051e 88EB      		ldi r24,lo8(3000)
 1311 0520 9BE0      		ldi r25,hi8(3000)
 1312               	.LVL73:
 1313               	.LBB256:
 1314               	.LBB257:
 1315               	.LBB258:
 1316               	.LBB259:
 1317               	.LM189:
 1318 0522 20E9      		ldi r18,lo8(400)
 1319 0524 31E0      		ldi r19,hi8(400)
 1320               	.L87:
 1321 0526 F901      		movw r30,r18
 1322               	.LVL74:
 1323               	/* #APP */
 1324               	 ;  105 "c:/winavr-20100110/lib/gcc/../../avr/include/util/delay_basic.h" 1
 1325 0528 3197      		1: sbiw r30,1
 1326 052a 01F4      		brne 1b
 1327               	 ;  0 "" 2
 1328               	/* #NOAPP */
 1329               	.LBE259:
 1330               	.LBE258:
 1331               	.LM190:
 1332 052c 0197      		sbiw r24,1
 1333               	.LM191:
 1334 052e 01F4      		brne .L87
 1335               	.L85:
 1336               	.LBE257:
 1337               	.LBE256:
 1338               	.LM192:
 1339 0530 85E0      		ldi r24,lo8(5)
 1340               	.LVL75:
 1341 0532 0E94 0000 		call lcd_gotoxy2
 1342               	.LVL76:
 1343               	.LM193:
 1344 0536 80E0      		ldi r24,lo8(.LC1)
 1345 0538 90E0      		ldi r25,hi8(.LC1)
 1346 053a 0E94 0000 		call lcd_string
 1347               	.LM194:
 1348 053e 80E0      		ldi r24,lo8(0)
 1349 0540 0E94 0000 		call lcd_gotoxy2
 1350               	.LM195:
 1351 0544 80E0      		ldi r24,lo8(.LC3)
 1352 0546 90E0      		ldi r25,hi8(.LC3)
 1353 0548 0E94 0000 		call lcd_string
 1354               	.LM196:
 1355 054c 89E1      		ldi r24,lo8(25)
 1356 054e 90E0      		ldi r25,hi8(25)
 1357 0550 0E94 0000 		call __eerd_byte_m128
 1358 0554 90E0      		ldi r25,lo8(0)
 1359 0556 0E94 0000 		call lcd_num
 1360               	/* epilogue start */
 1361               	.LM197:
 1362 055a 0895      		ret
 1363               	.LFE32:
 1365               	.global	__vector_6
 1367               	__vector_6:
 1368               	.LFB25:
 1369               	.LM198:
 1370 055c 1F92      		push __zero_reg__
 1371 055e 0F92      		push r0
 1372 0560 0FB6      		in r0,__SREG__
 1373 0562 0F92      		push r0
 1374 0564 0BB6      		in r0,91-32
 1375 0566 0F92      		push r0
 1376 0568 1124      		clr __zero_reg__
 1377 056a 2F93      		push r18
 1378 056c 3F93      		push r19
 1379 056e 4F93      		push r20
 1380 0570 5F93      		push r21
 1381 0572 6F93      		push r22
 1382 0574 7F93      		push r23
 1383 0576 8F93      		push r24
 1384 0578 9F93      		push r25
 1385 057a AF93      		push r26
 1386 057c BF93      		push r27
 1387 057e EF93      		push r30
 1388 0580 FF93      		push r31
 1389               	/* prologue: Signal */
 1390               	/* frame size = 0 */
 1391               	.LM199:
 1392 0582 88E8      		ldi r24,lo8(5000)
 1393 0584 93E1      		ldi r25,hi8(5000)
 1394               	.LVL77:
 1395               	.LBB260:
 1396               	.LBB261:
 1397               	.LBB262:
 1398               	.LBB263:
 1399               	.LM200:
 1400 0586 20E9      		ldi r18,lo8(400)
 1401 0588 31E0      		ldi r19,hi8(400)
 1402               	.L92:
 1403 058a F901      		movw r30,r18
 1404               	.LVL78:
 1405               	/* #APP */
 1406               	 ;  105 "c:/winavr-20100110/lib/gcc/../../avr/include/util/delay_basic.h" 1
 1407 058c 3197      		1: sbiw r30,1
 1408 058e 01F4      		brne 1b
 1409               	 ;  0 "" 2
 1410               	/* #NOAPP */
 1411               	.LBE263:
 1412               	.LBE262:
 1413               	.LM201:
 1414 0590 0197      		sbiw r24,1
 1415               	.LM202:
 1416 0592 01F4      		brne .L92
 1417               	.LBE261:
 1418               	.LBE260:
 1419               	.LM203:
 1420 0594 0E94 0000 		call align_cw
 1421               	.LVL79:
 1422               	/* epilogue start */
 1423               	.LM204:
 1424 0598 FF91      		pop r31
 1425 059a EF91      		pop r30
 1426 059c BF91      		pop r27
 1427 059e AF91      		pop r26
 1428 05a0 9F91      		pop r25
 1429 05a2 8F91      		pop r24
 1430 05a4 7F91      		pop r23
 1431 05a6 6F91      		pop r22
 1432 05a8 5F91      		pop r21
 1433 05aa 4F91      		pop r20
 1434 05ac 3F91      		pop r19
 1435 05ae 2F91      		pop r18
 1436 05b0 0F90      		pop r0
 1437 05b2 0BBE      		out 91-32,r0
 1438 05b4 0F90      		pop r0
 1439 05b6 0FBE      		out __SREG__,r0
 1440 05b8 0F90      		pop r0
 1441 05ba 1F90      		pop __zero_reg__
 1442 05bc 1895      		reti
 1443               	.LFE25:
 1445               		.data
 1446               	.LC4:
 1447 0011 2020 2000 		.string	"   "
 1448               		.text
 1449               	.global	motor_execute
 1451               	motor_execute:
 1452               	.LFB28:
 1453               	.LM205:
 1454 05be EF92      		push r14
 1455 05c0 FF92      		push r15
 1456 05c2 0F93      		push r16
 1457 05c4 1F93      		push r17
 1458 05c6 CF93      		push r28
 1459 05c8 DF93      		push r29
 1460               	/* prologue: function */
 1461               	/* frame size = 0 */
 1462               	.LM206:
 1463 05ca 89E1      		ldi r24,lo8(25)
 1464 05cc 90E0      		ldi r25,hi8(25)
 1465 05ce 0E94 0000 		call __eerd_byte_m128
 1466 05d2 8093 0000 		sts degree_set_new,r24
 1467               	.LM207:
 1468 05d6 33E3      		ldi r19,lo8(51)
 1469 05d8 E32E      		mov r14,r19
 1470               	.LBB264:
 1471               	.LBB265:
 1472               	.LBB266:
 1473               	.LBB267:
 1474               	.LBB268:
 1475               	.LBB269:
 1476               	.LM208:
 1477 05da 0CEA      		ldi r16,lo8(2220)
 1478 05dc 18E0      		ldi r17,hi8(2220)
 1479               	.LBE269:
 1480               	.LBE268:
 1481               	.LBE267:
 1482               	.LBE266:
 1483               	.LBE265:
 1484               	.LBE264:
 1485               	.LBB275:
 1486               	.LBB276:
 1487               	.LBB277:
 1488               	.LBB278:
 1489               	.LM209:
 1490 05de 2AE1      		ldi r18,lo8(26)
 1491 05e0 F22E      		mov r15,r18
 1492               	.LBE278:
 1493               	.LBE277:
 1494               	.LBE276:
 1495               	.LBE275:
 1496               	.LBB282:
 1497               	.LBB283:
 1498               	.LBB284:
 1499               	.LBB285:
 1500               	.LM210:
 1501 05e2 C0E8      		ldi r28,lo8(16000)
 1502 05e4 DEE3      		ldi r29,hi8(16000)
 1503 05e6 00C0      		rjmp .L96
 1504               	.L99:
 1505               	.LBE285:
 1506               	.LBE284:
 1507               	.LBE283:
 1508               	.LBE282:
 1509               	.LM211:
 1510 05e8 E5BA      		out 53-32,r14
 1511               	.LM212:
 1512 05ea 0E94 0000 		call motor_dir_cw
 1513               	.LM213:
 1514 05ee 1092 0000 		sts degree,__zero_reg__
 1515 05f2 00C0      		rjmp .L97
 1516               	.L98:
 1517               	.LM214:
 1518               	/* #APP */
 1519               	 ;  75 "solution2.c" 1
 1520 05f4 F894      		cli
 1521               	 ;  0 "" 2
 1522               	.LM215:
 1523               	/* #NOAPP */
 1524 05f6 8091 6500 		lds r24,101
 1525 05fa 8061      		ori r24,lo8(16)
 1526 05fc 8093 6500 		sts 101,r24
 1527               	.LBB289:
 1528               	.LBB274:
 1529               	.LBB273:
 1530               	.LBB272:
 1531               	.LBB271:
 1532               	.LBB270:
 1533               	.LM216:
 1534 0600 C801      		movw r24,r16
 1535               	.LVL80:
 1536               	/* #APP */
 1537               	 ;  105 "c:/winavr-20100110/lib/gcc/../../avr/include/util/delay_basic.h" 1
 1538 0602 0197      		1: sbiw r24,1
 1539 0604 01F4      		brne 1b
 1540               	 ;  0 "" 2
 1541               	/* #NOAPP */
 1542               	.LBE270:
 1543               	.LBE271:
 1544               	.LBE272:
 1545               	.LBE273:
 1546               	.LBE274:
 1547               	.LBE289:
 1548               	.LM217:
 1549 0606 8091 6500 		lds r24,101
 1550               	.LVL81:
 1551 060a 8F7E      		andi r24,lo8(-17)
 1552 060c 8093 6500 		sts 101,r24
 1553               	.LBB290:
 1554               	.LBB281:
 1555               	.LBB280:
 1556               	.LBB279:
 1557               	.LM218:
 1558 0610 8F2D      		mov r24,r15
 1559               	.LVL82:
 1560               	/* #APP */
 1561               	 ;  83 "c:/winavr-20100110/lib/gcc/../../avr/include/util/delay_basic.h" 1
 1562 0612 8A95      		1: dec r24
 1563 0614 01F4      		brne 1b
 1564               	 ;  0 "" 2
 1565               	/* #NOAPP */
 1566               	.LBE279:
 1567               	.LBE280:
 1568               	.LBE281:
 1569               	.LBE290:
 1570               	.LM219:
 1571 0616 8091 0000 		lds r24,degree
 1572               	.LVL83:
 1573 061a 8F5F      		subi r24,lo8(-(1))
 1574 061c 8093 0000 		sts degree,r24
 1575               	.L97:
 1576 0620 8091 0000 		lds r24,degree
 1577 0624 8233      		cpi r24,lo8(50)
 1578 0626 00F0      		brlo .L98
 1579               	.LM220:
 1580 0628 8091 0000 		lds r24,degree_set_new
 1581 062c 8F5F      		subi r24,lo8(-(1))
 1582 062e 8093 0000 		sts degree_set_new,r24
 1583               	.LM221:
 1584 0632 6091 0000 		lds r22,degree_set_new
 1585 0636 89E1      		ldi r24,lo8(25)
 1586 0638 90E0      		ldi r25,hi8(25)
 1587 063a 0E94 0000 		call __eewr_byte_m128
 1588               	.LM222:
 1589               	/* #APP */
 1590               	 ;  85 "solution2.c" 1
 1591 063e 7894      		sei
 1592               	 ;  0 "" 2
 1593               	/* #NOAPP */
 1594               	.LBB291:
 1595               	.LBB288:
 1596               	.LBB287:
 1597               	.LBB286:
 1598               	.LM223:
 1599 0640 CE01      		movw r24,r28
 1600               	.LVL84:
 1601               	/* #APP */
 1602               	 ;  105 "c:/winavr-20100110/lib/gcc/../../avr/include/util/delay_basic.h" 1
 1603 0642 0197      		1: sbiw r24,1
 1604 0644 01F4      		brne 1b
 1605               	 ;  0 "" 2
 1606               	/* #NOAPP */
 1607               	.LBE286:
 1608               	.LBE287:
 1609               	.LBE288:
 1610               	.LBE291:
 1611               	.LM224:
 1612 0646 8AE0      		ldi r24,lo8(10)
 1613               	.LVL85:
 1614 0648 0E94 0000 		call lcd_gotoxy1
 1615               	.LM225:
 1616 064c 80E0      		ldi r24,lo8(.LC4)
 1617 064e 90E0      		ldi r25,hi8(.LC4)
 1618 0650 0E94 0000 		call lcd_string
 1619               	.LM226:
 1620 0654 8AE0      		ldi r24,lo8(10)
 1621 0656 0E94 0000 		call lcd_gotoxy1
 1622               	.LM227:
 1623 065a 89E1      		ldi r24,lo8(25)
 1624 065c 90E0      		ldi r25,hi8(25)
 1625 065e 0E94 0000 		call __eerd_byte_m128
 1626 0662 90E0      		ldi r25,lo8(0)
 1627 0664 0E94 0000 		call lcd_num
 1628               	.L96:
 1629               	.LM228:
 1630 0668 8091 0000 		lds r24,degree_set_new
 1631 066c 8D30      		cpi r24,lo8(13)
 1632 066e 00F4      		brsh .+2
 1633 0670 00C0      		rjmp .L99
 1634               	.LM229:
 1635 0672 8FE2      		ldi r24,lo8(47)
 1636 0674 85BB      		out 53-32,r24
 1637 0676 80E1      		ldi r24,lo8(10000)
 1638 0678 97E2      		ldi r25,hi8(10000)
 1639               	.LVL86:
 1640               	.LBB292:
 1641               	.LBB293:
 1642               	.LBB294:
 1643               	.LBB295:
 1644               	.LM230:
 1645 067a 20E9      		ldi r18,lo8(400)
 1646 067c 31E0      		ldi r19,hi8(400)
 1647               	.L100:
 1648 067e F901      		movw r30,r18
 1649               	.LVL87:
 1650               	/* #APP */
 1651               	 ;  105 "c:/winavr-20100110/lib/gcc/../../avr/include/util/delay_basic.h" 1
 1652 0680 3197      		1: sbiw r30,1
 1653 0682 01F4      		brne 1b
 1654               	 ;  0 "" 2
 1655               	/* #NOAPP */
 1656               	.LBE295:
 1657               	.LBE294:
 1658               	.LM231:
 1659 0684 0197      		sbiw r24,1
 1660               	.LM232:
 1661 0686 01F4      		brne .L100
 1662 0688 1DE0      		ldi r17,lo8(13)
 1663               	.LVL88:
 1664               	.LBE293:
 1665               	.LBE292:
 1666               	.LM233:
 1667 068a 97E7      		ldi r25,lo8(119)
 1668 068c F92E      		mov r15,r25
 1669               	.LBB296:
 1670               	.LBB297:
 1671               	.LBB298:
 1672               	.LBB299:
 1673               	.LBB300:
 1674               	.LBB301:
 1675               	.LM234:
 1676 068e CCEA      		ldi r28,lo8(2220)
 1677 0690 D8E0      		ldi r29,hi8(2220)
 1678               	.LBE301:
 1679               	.LBE300:
 1680               	.LBE299:
 1681               	.LBE298:
 1682               	.LBE297:
 1683               	.LBE296:
 1684               	.LBB307:
 1685               	.LBB308:
 1686               	.LBB309:
 1687               	.LBB310:
 1688               	.LM235:
 1689 0692 0AE1      		ldi r16,lo8(26)
 1690               	.L103:
 1691               	.LBE310:
 1692               	.LBE309:
 1693               	.LBE308:
 1694               	.LBE307:
 1695               	.LBB314:
 1696               	.LBB315:
 1697               	.LM236:
 1698 0694 19BE      		out 89-32,__zero_reg__
 1699               	.LBE315:
 1700               	.LBE314:
 1701               	.LM237:
 1702 0696 F5BA      		out 53-32,r15
 1703               	.LM238:
 1704               	/* #APP */
 1705               	 ;  105 "solution2.c" 1
 1706 0698 F894      		cli
 1707               	 ;  0 "" 2
 1708               	.LM239:
 1709               	/* #NOAPP */
 1710 069a 0E94 0000 		call motor_dir_ccw
 1711               	.LVL89:
 1712               	.LM240:
 1713 069e 1092 0000 		sts degree,__zero_reg__
 1714 06a2 00C0      		rjmp .L101
 1715               	.L102:
 1716               	.LM241:
 1717 06a4 8091 6500 		lds r24,101
 1718 06a8 8061      		ori r24,lo8(16)
 1719 06aa 8093 6500 		sts 101,r24
 1720               	.LBB316:
 1721               	.LBB306:
 1722               	.LBB305:
 1723               	.LBB304:
 1724               	.LBB303:
 1725               	.LBB302:
 1726               	.LM242:
 1727 06ae CE01      		movw r24,r28
 1728               	.LVL90:
 1729               	/* #APP */
 1730               	 ;  105 "c:/winavr-20100110/lib/gcc/../../avr/include/util/delay_basic.h" 1
 1731 06b0 0197      		1: sbiw r24,1
 1732 06b2 01F4      		brne 1b
 1733               	 ;  0 "" 2
 1734               	/* #NOAPP */
 1735               	.LBE302:
 1736               	.LBE303:
 1737               	.LBE304:
 1738               	.LBE305:
 1739               	.LBE306:
 1740               	.LBE316:
 1741               	.LM243:
 1742 06b4 8091 6500 		lds r24,101
 1743               	.LVL91:
 1744 06b8 8F7E      		andi r24,lo8(-17)
 1745 06ba 8093 6500 		sts 101,r24
 1746               	.LBB317:
 1747               	.LBB313:
 1748               	.LBB312:
 1749               	.LBB311:
 1750               	.LM244:
 1751 06be 802F      		mov r24,r16
 1752               	.LVL92:
 1753               	/* #APP */
 1754               	 ;  83 "c:/winavr-20100110/lib/gcc/../../avr/include/util/delay_basic.h" 1
 1755 06c0 8A95      		1: dec r24
 1756 06c2 01F4      		brne 1b
 1757               	 ;  0 "" 2
 1758               	/* #NOAPP */
 1759               	.LBE311:
 1760               	.LBE312:
 1761               	.LBE313:
 1762               	.LBE317:
 1763               	.LM245:
 1764 06c4 8091 0000 		lds r24,degree
 1765               	.LVL93:
 1766 06c8 8F5F      		subi r24,lo8(-(1))
 1767 06ca 8093 0000 		sts degree,r24
 1768               	.L101:
 1769 06ce 8091 0000 		lds r24,degree
 1770 06d2 8233      		cpi r24,lo8(50)
 1771 06d4 00F0      		brlo .L102
 1772               	.LM246:
 1773 06d6 1150      		subi r17,lo8(-(-1))
 1774               	.LM247:
 1775 06d8 89E1      		ldi r24,lo8(25)
 1776 06da 90E0      		ldi r25,hi8(25)
 1777 06dc 612F      		mov r22,r17
 1778 06de 0E94 0000 		call __eewr_byte_m128
 1779               	.LM248:
 1780 06e2 8AE0      		ldi r24,lo8(10)
 1781 06e4 0E94 0000 		call lcd_gotoxy1
 1782               	.LM249:
 1783 06e8 80E0      		ldi r24,lo8(.LC4)
 1784 06ea 90E0      		ldi r25,hi8(.LC4)
 1785 06ec 0E94 0000 		call lcd_string
 1786               	.LM250:
 1787 06f0 8AE0      		ldi r24,lo8(10)
 1788 06f2 0E94 0000 		call lcd_gotoxy1
 1789               	.LM251:
 1790 06f6 89E1      		ldi r24,lo8(25)
 1791 06f8 90E0      		ldi r25,hi8(25)
 1792 06fa 0E94 0000 		call __eerd_byte_m128
 1793 06fe 90E0      		ldi r25,lo8(0)
 1794 0700 0E94 0000 		call lcd_num
 1795               	.LM252:
 1796 0704 1130      		cpi r17,lo8(1)
 1797 0706 01F4      		brne .L103
 1798               	.LM253:
 1799               	/* #APP */
 1800               	 ;  122 "solution2.c" 1
 1801 0708 7894      		sei
 1802               	 ;  0 "" 2
 1803               	/* #NOAPP */
 1804               	.LBB318:
 1805               	.LBB319:
 1806               	.LM254:
 1807 070a 1ABE      		out 90-32,__zero_reg__
 1808               	.LM255:
 1809 070c 89B7      		in r24,89-32
 1810 070e 806F      		ori r24,lo8(-16)
 1811 0710 89BF      		out 89-32,r24
 1812               	/* epilogue start */
 1813               	.LBE319:
 1814               	.LBE318:
 1815               	.LM256:
 1816 0712 DF91      		pop r29
 1817 0714 CF91      		pop r28
 1818 0716 1F91      		pop r17
 1819               	.LVL94:
 1820 0718 0F91      		pop r16
 1821 071a FF90      		pop r15
 1822 071c EF90      		pop r14
 1823 071e 0895      		ret
 1824               	.LFE28:
 1826               	.global	main
 1828               	main:
 1829               	.LFB36:
 1830               	.LM257:
 1831 0720 1F93      		push r17
 1832               	/* prologue: function */
 1833               	/* frame size = 0 */
 1834               	.LM258:
 1835 0722 1FEF      		ldi r17,lo8(-1)
 1836 0724 14BB      		out 52-32,r17
 1837               	.LM259:
 1838 0726 82B1      		in r24,34-32
 1839 0728 8F78      		andi r24,lo8(-113)
 1840 072a 82B9      		out 34-32,r24
 1841               	.LM260:
 1842 072c 83B1      		in r24,35-32
 1843 072e 8067      		ori r24,lo8(112)
 1844 0730 83B9      		out 35-32,r24
 1845               	.LM261:
 1846 0732 0E94 0000 		call lcd_init
 1847               	.LM262:
 1848 0736 14BB      		out 52-32,r17
 1849               	.LM263:
 1850 0738 8091 6400 		lds r24,100
 1851 073c 8161      		ori r24,lo8(17)
 1852 073e 8093 6400 		sts 100,r24
 1853               	.LM264:
 1854 0742 81B3      		in r24,49-32
 1855 0744 8F73      		andi r24,lo8(63)
 1856 0746 81BB      		out 49-32,r24
 1857               	.LM265:
 1858 0748 82B3      		in r24,50-32
 1859 074a 806C      		ori r24,lo8(-64)
 1860 074c 82BB      		out 50-32,r24
 1861               	.LM266:
 1862 074e 8091 6500 		lds r24,101
 1863 0752 8E7F      		andi r24,lo8(-2)
 1864 0754 8093 6500 		sts 101,r24
 1865               	.LM267:
 1866               	/* #APP */
 1867               	 ;  245 "solution2.c" 1
 1868 0758 7894      		sei
 1869               	 ;  0 "" 2
 1870               	/* #NOAPP */
 1871               	.LBB320:
 1872               	.LBB321:
 1873               	.LM268:
 1874 075a 1ABE      		out 90-32,__zero_reg__
 1875               	.LM269:
 1876 075c 89B7      		in r24,89-32
 1877 075e 806F      		ori r24,lo8(-16)
 1878 0760 89BF      		out 89-32,r24
 1879               	.LBE321:
 1880               	.LBE320:
 1881               	.LM270:
 1882 0762 0E94 0000 		call motor_execute
 1883               	.L108:
 1884 0766 00C0      		rjmp .L108
 1885               	.LFE36:
 1887               		.data
 1888               	.LC5:
 1889 0015 2020 00   		.string	"  "
 1890               		.text
 1891               	.global	__vector_8
 1893               	__vector_8:
 1894               	.LFB27:
 1895               	.LM271:
 1896 0768 1F92      		push __zero_reg__
 1897 076a 0F92      		push r0
 1898 076c 0FB6      		in r0,__SREG__
 1899 076e 0F92      		push r0
 1900 0770 0BB6      		in r0,91-32
 1901 0772 0F92      		push r0
 1902 0774 1124      		clr __zero_reg__
 1903 0776 2F93      		push r18
 1904 0778 3F93      		push r19
 1905 077a 4F93      		push r20
 1906 077c 5F93      		push r21
 1907 077e 6F93      		push r22
 1908 0780 7F93      		push r23
 1909 0782 8F93      		push r24
 1910 0784 9F93      		push r25
 1911 0786 AF93      		push r26
 1912 0788 BF93      		push r27
 1913 078a EF93      		push r30
 1914 078c FF93      		push r31
 1915               	/* prologue: Signal */
 1916               	/* frame size = 0 */
 1917               	.LM272:
 1918 078e 8AE0      		ldi r24,lo8(10)
 1919 0790 0E94 0000 		call lcd_gotoxy2
 1920               	.LM273:
 1921 0794 80E0      		ldi r24,lo8(.LC5)
 1922 0796 90E0      		ldi r25,hi8(.LC5)
 1923 0798 0E94 0000 		call lcd_string
 1924               	.LM274:
 1925 079c 8AE0      		ldi r24,lo8(10)
 1926 079e 0E94 0000 		call lcd_gotoxy2
 1927               	.LM275:
 1928 07a2 89E1      		ldi r24,lo8(25)
 1929 07a4 90E0      		ldi r25,hi8(25)
 1930 07a6 0E94 0000 		call __eerd_byte_m128
 1931 07aa 90E0      		ldi r25,lo8(0)
 1932 07ac 0E94 0000 		call lcd_num
 1933               	/* epilogue start */
 1934               	.LM276:
 1935 07b0 FF91      		pop r31
 1936 07b2 EF91      		pop r30
 1937 07b4 BF91      		pop r27
 1938 07b6 AF91      		pop r26
 1939 07b8 9F91      		pop r25
 1940 07ba 8F91      		pop r24
 1941 07bc 7F91      		pop r23
 1942 07be 6F91      		pop r22
 1943 07c0 5F91      		pop r21
 1944 07c2 4F91      		pop r20
 1945 07c4 3F91      		pop r19
 1946 07c6 2F91      		pop r18
 1947 07c8 0F90      		pop r0
 1948 07ca 0BBE      		out 91-32,r0
 1949 07cc 0F90      		pop r0
 1950 07ce 0FBE      		out __SREG__,r0
 1951 07d0 0F90      		pop r0
 1952 07d2 1F90      		pop __zero_reg__
 1953 07d4 1895      		reti
 1954               	.LFE27:
 1956               	.global	__vector_7
 1958               	__vector_7:
 1959               	.LFB26:
 1960               	.LM277:
 1961 07d6 1F92      		push __zero_reg__
 1962 07d8 0F92      		push r0
 1963 07da 0FB6      		in r0,__SREG__
 1964 07dc 0F92      		push r0
 1965 07de 0BB6      		in r0,91-32
 1966 07e0 0F92      		push r0
 1967 07e2 1124      		clr __zero_reg__
 1968 07e4 2F93      		push r18
 1969 07e6 3F93      		push r19
 1970 07e8 4F93      		push r20
 1971 07ea 5F93      		push r21
 1972 07ec 6F93      		push r22
 1973 07ee 7F93      		push r23
 1974 07f0 8F93      		push r24
 1975 07f2 9F93      		push r25
 1976 07f4 AF93      		push r26
 1977 07f6 BF93      		push r27
 1978 07f8 EF93      		push r30
 1979 07fa FF93      		push r31
 1980               	/* prologue: Signal */
 1981               	/* frame size = 0 */
 1982               	.LM278:
 1983 07fc 88E8      		ldi r24,lo8(5000)
 1984 07fe 93E1      		ldi r25,hi8(5000)
 1985               	.LVL95:
 1986               	.LBB322:
 1987               	.LBB323:
 1988               	.LBB324:
 1989               	.LBB325:
 1990               	.LM279:
 1991 0800 20E9      		ldi r18,lo8(400)
 1992 0802 31E0      		ldi r19,hi8(400)
 1993               	.L113:
 1994 0804 F901      		movw r30,r18
 1995               	.LVL96:
 1996               	/* #APP */
 1997               	 ;  105 "c:/winavr-20100110/lib/gcc/../../avr/include/util/delay_basic.h" 1
 1998 0806 3197      		1: sbiw r30,1
 1999 0808 01F4      		brne 1b
 2000               	 ;  0 "" 2
 2001               	/* #NOAPP */
 2002               	.LBE325:
 2003               	.LBE324:
 2004               	.LM280:
 2005 080a 0197      		sbiw r24,1
 2006               	.LM281:
 2007 080c 01F4      		brne .L113
 2008               	.LBE323:
 2009               	.LBE322:
 2010               	.LM282:
 2011 080e 82EF      		ldi r24,lo8(-14)
 2012               	.LVL97:
 2013 0810 85BB      		out 53-32,r24
 2014               	.LM283:
 2015 0812 89E1      		ldi r24,lo8(25)
 2016 0814 90E0      		ldi r25,hi8(25)
 2017 0816 61E0      		ldi r22,lo8(1)
 2018 0818 0E94 0000 		call __eewr_byte_m128
 2019               	.LVL98:
 2020               	.LM284:
 2021 081c 85E0      		ldi r24,lo8(5)
 2022 081e 0E94 0000 		call lcd_gotoxy2
 2023               	.LM285:
 2024 0822 80E0      		ldi r24,lo8(.LC5)
 2025 0824 90E0      		ldi r25,hi8(.LC5)
 2026 0826 0E94 0000 		call lcd_string
 2027               	.LM286:
 2028 082a 85E0      		ldi r24,lo8(5)
 2029 082c 0E94 0000 		call lcd_gotoxy2
 2030               	.LM287:
 2031 0830 89E1      		ldi r24,lo8(25)
 2032 0832 90E0      		ldi r25,hi8(25)
 2033 0834 0E94 0000 		call __eerd_byte_m128
 2034 0838 90E0      		ldi r25,lo8(0)
 2035 083a 0E94 0000 		call lcd_num
 2036               	/* epilogue start */
 2037               	.LM288:
 2038 083e FF91      		pop r31
 2039 0840 EF91      		pop r30
 2040 0842 BF91      		pop r27
 2041 0844 AF91      		pop r26
 2042 0846 9F91      		pop r25
 2043 0848 8F91      		pop r24
 2044 084a 7F91      		pop r23
 2045 084c 6F91      		pop r22
 2046 084e 5F91      		pop r21
 2047 0850 4F91      		pop r20
 2048 0852 3F91      		pop r19
 2049 0854 2F91      		pop r18
 2050 0856 0F90      		pop r0
 2051 0858 0BBE      		out 91-32,r0
 2052 085a 0F90      		pop r0
 2053 085c 0FBE      		out __SREG__,r0
 2054 085e 0F90      		pop r0
 2055 0860 1F90      		pop __zero_reg__
 2056 0862 1895      		reti
 2057               	.LFE26:
 2059               	.global	k
 2060               	.global	k
 2061               		.section .bss
 2064               	k:
 2065 0000 00        		.skip 1,0
 2066               	.global	j
 2067               	.global	j
 2070               	j:
 2071 0001 00        		.skip 1,0
 2072               	.global	save
 2073               	.global	save
 2076               	save:
 2077 0002 00        		.skip 1,0
 2078               	.global	seconds
 2079               		.data
 2082               	seconds:
 2083 0018 01        		.byte	1
 2084               		.comm degree,1,1
 2085               		.comm degree_set_new,1,1
 2086               		.comm clockwise,1,1
 2087               		.comm counterwise,1,1
 2352               	.Letext0:
DEFINED SYMBOLS
                            *ABS*:00000000 solution2.c
C:\Users\Shalin\AppData\Local\Temp/ccuucJny.s:2      *ABS*:0000003f __SREG__
C:\Users\Shalin\AppData\Local\Temp/ccuucJny.s:3      *ABS*:0000003e __SP_H__
C:\Users\Shalin\AppData\Local\Temp/ccuucJny.s:4      *ABS*:0000003d __SP_L__
C:\Users\Shalin\AppData\Local\Temp/ccuucJny.s:5      *ABS*:00000034 __CCP__
C:\Users\Shalin\AppData\Local\Temp/ccuucJny.s:6      *ABS*:00000000 __tmp_reg__
C:\Users\Shalin\AppData\Local\Temp/ccuucJny.s:7      *ABS*:00000001 __zero_reg__
C:\Users\Shalin\AppData\Local\Temp/ccuucJny.s:18     .text:00000000 dely_ns
C:\Users\Shalin\AppData\Local\Temp/ccuucJny.s:2064   .bss:00000000 k
C:\Users\Shalin\AppData\Local\Temp/ccuucJny.s:2070   .bss:00000001 j
C:\Users\Shalin\AppData\Local\Temp/ccuucJny.s:44     .text:0000001a toggleE
C:\Users\Shalin\AppData\Local\Temp/ccuucJny.s:63     .text:00000026 lcd_cmd
C:\Users\Shalin\AppData\Local\Temp/ccuucJny.s:109    .text:00000058 lcd_putchar
C:\Users\Shalin\AppData\Local\Temp/ccuucJny.s:148    .text:00000082 lcd_string
C:\Users\Shalin\AppData\Local\Temp/ccuucJny.s:218    .text:000000da lcd_gotoxy1
C:\Users\Shalin\AppData\Local\Temp/ccuucJny.s:235    .text:000000e2 lcd_gotoxy2
C:\Users\Shalin\AppData\Local\Temp/ccuucJny.s:252    .text:000000ea lcd_char
C:\Users\Shalin\AppData\Local\Temp/ccuucJny.s:286    .text:00000108 lcd_showvalue
C:\Users\Shalin\AppData\Local\Temp/ccuucJny.s:365    .text:00000182 lcd_exit
C:\Users\Shalin\AppData\Local\Temp/ccuucJny.s:2076   .bss:00000002 save
C:\Users\Shalin\AppData\Local\Temp/ccuucJny.s:380    .text:0000018a WaitMs
C:\Users\Shalin\AppData\Local\Temp/ccuucJny.s:419    .text:000001a6 lcd_init
C:\Users\Shalin\AppData\Local\Temp/ccuucJny.s:461    .text:000001e0 uart_init
C:\Users\Shalin\AppData\Local\Temp/ccuucJny.s:479    .text:000001ee uart_tx
C:\Users\Shalin\AppData\Local\Temp/ccuucJny.s:501    .text:000001fe uart_rx
C:\Users\Shalin\AppData\Local\Temp/ccuucJny.s:520    .text:0000020c uart_str
C:\Users\Shalin\AppData\Local\Temp/ccuucJny.s:559    .text:00000226 motor_execute_test
                            *COM*:00000001 degree
C:\Users\Shalin\AppData\Local\Temp/ccuucJny.s:656    .text:00000266 motor_dir_cw
C:\Users\Shalin\AppData\Local\Temp/ccuucJny.s:701    .text:00000284 motor_dir_ccw
C:\Users\Shalin\AppData\Local\Temp/ccuucJny.s:746    .text:000002a2 ext_timer_init
C:\Users\Shalin\AppData\Local\Temp/ccuucJny.s:764    .text:000002ac intr_disable
C:\Users\Shalin\AppData\Local\Temp/ccuucJny.s:782    .text:000002b0 uart_tx_num
C:\Users\Shalin\AppData\Local\Temp/ccuucJny.s:852    .text:00000322 lcd_num
C:\Users\Shalin\AppData\Local\Temp/ccuucJny.s:928    .text:00000394 align_ccw
                            *COM*:00000001 clockwise
                            *COM*:00000001 counterwise
                            *COM*:00000001 degree_set_new
C:\Users\Shalin\AppData\Local\Temp/ccuucJny.s:1105   .text:00000446 __vector_5
C:\Users\Shalin\AppData\Local\Temp/ccuucJny.s:1189   .text:000004a8 align_cw
C:\Users\Shalin\AppData\Local\Temp/ccuucJny.s:1367   .text:0000055c __vector_6
C:\Users\Shalin\AppData\Local\Temp/ccuucJny.s:1451   .text:000005be motor_execute
C:\Users\Shalin\AppData\Local\Temp/ccuucJny.s:1828   .text:00000720 main
C:\Users\Shalin\AppData\Local\Temp/ccuucJny.s:1893   .text:00000768 __vector_8
C:\Users\Shalin\AppData\Local\Temp/ccuucJny.s:1958   .text:000007d6 __vector_7
C:\Users\Shalin\AppData\Local\Temp/ccuucJny.s:2082   .data:00000018 seconds

UNDEFINED SYMBOLS
__divmodhi4
sprintf
__eerd_byte_m128
__eewr_byte_m128
__do_copy_data
__do_clear_bss
